<?xml version="1.0" encoding="UTF-8"?>
<testsuites>
	<testsuite tests="107" failures="39" time="" name="test">
		<properties></properties>
		<testcase classname="test.registry-creds" name="registry credentials not configured or disabled" time="">
			<skipped message="registry credentials not configured or disabled"></skipped>
		</testcase>
		<testcase classname="test.harbor" name="[harbor] Expected pods but none running - did you deploy?" time="">
			<failure message="[harbor] Expected pods but none running - did you deploy?" type=""></failure>
		</testcase>
		<testcase classname="test.harbor" name="failed to get harbor client: no running harbor-core pods" time="">
			<failure message="failed to get harbor client: no running harbor-core pods" type=""></failure>
		</testcase>
		<testcase classname="test.kube-fluentd-operator" name="kube-fluentd-operator/kube-fluentd-operator-log-router-d92kp=Pending  " time="">
			<failure message="kube-fluentd-operator/kube-fluentd-operator-log-router-d92kp=Pending  " type=""></failure>
		</testcase>
		<testcase classname="test.encryption" name="api-server pod found" time=""></testcase>
		<testcase classname="test.encryption" name="No encryption-provider-config is specified!" time="">
			<failure message="No encryption-provider-config is specified!" type=""></failure>
		</testcase>
		<testcase classname="test.gitops-e2e-test" name="flux-memcache-platform-cli-9cbb8774c-xkgr7 =&gt; Running" time=""></testcase>
		<testcase classname="test.gitops-e2e-test" name="flux-platform-cli-5dd99c6dbd-pnfsf =&gt; Running" time=""></testcase>
		<testcase classname="test.gitops-e2e-test" name="gitops-e2e-test/nginx-7b56665dd8-9xdrz=Pending  " time="">
			<failure message="gitops-e2e-test/nginx-7b56665dd8-9xdrz=Pending  " type=""></failure>
		</testcase>
		<testcase classname="test.gitops-e2e-test" name="gitops-e2e-test/nginx-7b56665dd8-z2ctw=Pending  " time="">
			<failure message="gitops-e2e-test/nginx-7b56665dd8-z2ctw=Pending  " type=""></failure>
		</testcase>
		<testcase classname="test.gitops" name="Pods for deployment nginx created successfully" time=""></testcase>
		<testcase classname="test.gitops" name="Service nginx created successfully" time=""></testcase>
		<testcase classname="test.Elasticsearch" name="elastichsearch is not installed or enabled" time="">
			<skipped message="elastichsearch is not installed or enabled"></skipped>
		</testcase>
		<testcase classname="test.ldap" name="apacheds-56c656465d-gzx2s =&gt; Running" time=""></testcase>
		<testcase classname="test.minio" name="minio-69f8f4cd59-cjjh9 =&gt; Running" time=""></testcase>
		<testcase classname="test.minio" name="minio GET /" time=""></testcase>
		<testcase classname="test.kube-system" name="calico-kube-controllers-65b8787765-j4qs8 =&gt; Running" time=""></testcase>
		<testcase classname="test.kube-system" name="calico-node-gf8tl =&gt; Running" time=""></testcase>
		<testcase classname="test.kube-system" name="coredns-5d4dd4b4db-h9rvs =&gt; Running" time=""></testcase>
		<testcase classname="test.kube-system" name="coredns-5d4dd4b4db-kf5kb =&gt; Running" time=""></testcase>
		<testcase classname="test.kube-system" name="etcd-kind-control-plane =&gt; Running" time=""></testcase>
		<testcase classname="test.kube-system" name="kube-apiserver-kind-control-plane =&gt; Running" time=""></testcase>
		<testcase classname="test.kube-system" name="kube-controller-manager-kind-control-plane =&gt; Running" time=""></testcase>
		<testcase classname="test.kube-system" name="kube-proxy-bgq44 =&gt; Running" time=""></testcase>
		<testcase classname="test.kube-system" name="kube-scheduler-kind-control-plane =&gt; Running" time=""></testcase>
		<testcase classname="test.kube-system" name="kubernetes-dashboard-7d75c474bb-tl6sp =&gt; Running" time=""></testcase>
		<testcase classname="test.kube-system" name="namespace-configuration-operator-6f748b789c-lh8q5 =&gt; Running" time=""></testcase>
		<testcase classname="test.kube-system" name="node-local-dns-5gwn4 =&gt; Running" time=""></testcase>
		<testcase classname="test.kube-system" name="platform-operator-995b7fb78-q5htl =&gt; Running" time=""></testcase>
		<testcase classname="test.local-path-storage" name="local-path-provisioner-5cf74d94c6-lndvz =&gt; Running" time=""></testcase>
		<testcase classname="test.cert-manager" name="cert-manager-67b8bfbfb4-qx9hj =&gt; Running" time=""></testcase>
		<testcase classname="test.cert-manager" name="cert-manager-cainjector-5cc6f8695f-6wd6b =&gt; Running" time=""></testcase>
		<testcase classname="test.cert-manager" name="cert-manager-webhook-c48868f6f-5j4nj =&gt; Running" time=""></testcase>
		<testcase classname="test.ingress-nginx" name="nginx-ingress-controller-sfz9l =&gt; Running" time=""></testcase>
		<testcase classname="test.ingress-nginx" name="oauth2-proxy-888c476b8-h2fqt =&gt; Running" time=""></testcase>
		<testcase classname="test.minio" name="minio-69f8f4cd59-cjjh9 =&gt; Running" time=""></testcase>
		<testcase classname="test.elastic-system" name="elastic-operator-0 =&gt; Running" time=""></testcase>
		<testcase classname="test.monitoring" name="monitoring/alertmanager-main-0=Pending  " time="">
			<failure message="monitoring/alertmanager-main-0=Pending  " type=""></failure>
		</testcase>
		<testcase classname="test.monitoring" name="monitoring/alertmanager-main-1=Pending  " time="">
			<failure message="monitoring/alertmanager-main-1=Pending  " type=""></failure>
		</testcase>
		<testcase classname="test.monitoring" name="monitoring/alertmanager-main-2=Pending  " time="">
			<failure message="monitoring/alertmanager-main-2=Pending  " type=""></failure>
		</testcase>
		<testcase classname="test.monitoring" name="monitoring/grafana-deployment-6b9b7677c9-5hbgf=Pending  " time="">
			<failure message="monitoring/grafana-deployment-6b9b7677c9-5hbgf=Pending  " type=""></failure>
		</testcase>
		<testcase classname="test.monitoring" name="grafana-operator-8c85c85c8-tfms6 =&gt; Running" time=""></testcase>
		<testcase classname="test.monitoring" name="monitoring/kube-state-metrics-77cbcf4b84-ljhz8=Pending  " time="">
			<failure message="monitoring/kube-state-metrics-77cbcf4b84-ljhz8=Pending  " type=""></failure>
		</testcase>
		<testcase classname="test.monitoring" name="node-exporter-k4jt6 =&gt; Running" time=""></testcase>
		<testcase classname="test.monitoring" name="prometheus-adapter-68698bc948-shr9q =&gt; Running" time=""></testcase>
		<testcase classname="test.monitoring" name="monitoring/prometheus-k8s-0=Pending  " time="">
			<failure message="monitoring/prometheus-k8s-0=Pending  " type=""></failure>
		</testcase>
		<testcase classname="test.monitoring" name="monitoring/prometheus-k8s-1=Pending  " time="">
			<failure message="monitoring/prometheus-k8s-1=Pending  " type=""></failure>
		</testcase>
		<testcase classname="test.monitoring" name="prometheus-operator-59f898494d-rj92t =&gt; Running" time=""></testcase>
		<testcase classname="test.prometheus" name="Failed to get targets: server_error: server error: 503" time="">
			<failure message="Failed to get targets: server_error: server error: 503" type=""></failure>
		</testcase>
		<testcase classname="test.auditing" name="api-server pod found" time=""></testcase>
		<testcase classname="test.auditing" name="api-server pod log size is: 8584&#x9;/var/log/audit&#xA;" time=""></testcase>
		<testcase classname="test.thanos" name="Must specify a thanos server under e2e.server in client mode" time="">
			<skipped message="Must specify a thanos server under e2e.server in client mode"></skipped>
		</testcase>
		<testcase classname="test.vault" name="consul-server-0 =&gt; Running" time=""></testcase>
		<testcase classname="test.vault" name="consul-server-1 =&gt; Running" time=""></testcase>
		<testcase classname="test.vault" name="consul-server-2 =&gt; Running" time=""></testcase>
		<testcase classname="test.vault" name="vault-0 =&gt; Running" time=""></testcase>
		<testcase classname="test.dex" name="dex-554c85df8b-c6fz2 =&gt; Running" time=""></testcase>
		<testcase classname="test.dex" name="dex-554c85df8b-sm6lz =&gt; Running" time=""></testcase>
		<testcase classname="test.dex" name="dex-554c85df8b-tcjns =&gt; Running" time=""></testcase>
		<testcase classname="test.ldap" name="apacheds-56c656465d-gzx2s =&gt; Running" time=""></testcase>
		<testcase classname="test.dex" name="OIDC Authentication flow" time=""></testcase>
		<testcase classname="test.dex" name="dex-554c85df8b-c6fz2 =&gt; Running" time=""></testcase>
		<testcase classname="test.dex" name="dex-554c85df8b-sm6lz =&gt; Running" time=""></testcase>
		<testcase classname="test.dex" name="dex-554c85df8b-tcjns =&gt; Running" time=""></testcase>
		<testcase classname="test.dex" name="OIDC Kubeconfig access" time=""></testcase>
		<testcase classname="test.quack" name="quack-75dbc56886-x92bs =&gt; Running" time=""></testcase>
		<testcase classname="test.quack" name="configmap test-configmap in namespace quack-test-908019548f10 was successfully updated by quack" time=""></testcase>
		<testcase classname="test.platform-system" name="filebeat-5fmcg =&gt; Running" time=""></testcase>
		<testcase classname="test.platform-system" name="reloader-5c84b96d94-sgnhp =&gt; Running" time=""></testcase>
		<testcase classname="test.configmap-reloader" name="Deployment was not updated for 30 seconds" time="">
			<failure message="Deployment was not updated for 30 seconds" type=""></failure>
		</testcase>
		<testcase classname="test.sealed-secrets" name="sealed-secrets-controller-8dd955b66-9r59k =&gt; Running" time=""></testcase>
		<testcase classname="test.sealed-secrets" name="Secret test-sealed-secrets created in namespace sealed-secrets-test-e9f6ebfa2a5d" time=""></testcase>
		<testcase classname="test.opa" name="opa/opa-56d68dd6b-cmjdn=Pending FailedMount: MountVolume.SetUp failed for volume &#34;opa-config&#34; : configmap &#34;opa-config&#34; not found  " time="">
			<failure message="opa/opa-56d68dd6b-cmjdn=Pending FailedMount: MountVolume.SetUp failed for volume &#34;opa-config&#34; : configmap &#34;opa-config&#34; not found  " type=""></failure>
		</testcase>
		<testcase classname="test.deployment-invalid-limit-cpu.yaml" name="deployment-invalid-limit-cpu.yaml accepted as not expected" time="">
			<failure message="deployment-invalid-limit-cpu.yaml accepted as not expected" type=""></failure>
		</testcase>
		<testcase classname="test.deployment-invalid-limit-memory.yaml" name="deployment-invalid-limit-memory.yaml accepted as not expected" time="">
			<failure message="deployment-invalid-limit-memory.yaml accepted as not expected" type=""></failure>
		</testcase>
		<testcase classname="test.deployment-invalid-limits.yaml" name="deployment-invalid-limits.yaml accepted as not expected" time="">
			<failure message="deployment-invalid-limits.yaml accepted as not expected" type=""></failure>
		</testcase>
		<testcase classname="test.deployment-invalid-no-tag.yaml" name="deployment-invalid-no-tag.yaml accepted as not expected" time="">
			<failure message="deployment-invalid-no-tag.yaml accepted as not expected" type=""></failure>
		</testcase>
		<testcase classname="test.deployment-invalid-probes-liveness.yaml" name="deployment-invalid-probes-liveness.yaml accepted as not expected" time="">
			<failure message="deployment-invalid-probes-liveness.yaml accepted as not expected" type=""></failure>
		</testcase>
		<testcase classname="test.deployment-invalid-probes-readiness.yaml" name="deployment-invalid-probes-readiness.yaml accepted as not expected" time="">
			<failure message="deployment-invalid-probes-readiness.yaml accepted as not expected" type=""></failure>
		</testcase>
		<testcase classname="test.deployment-invalid-registry.yaml" name="deployment-invalid-registry.yaml accepted as not expected" time="">
			<failure message="deployment-invalid-registry.yaml accepted as not expected" type=""></failure>
		</testcase>
		<testcase classname="test.deployment-invalid-requests-cpu.yaml" name="deployment-invalid-requests-cpu.yaml accepted as not expected" time="">
			<failure message="deployment-invalid-requests-cpu.yaml accepted as not expected" type=""></failure>
		</testcase>
		<testcase classname="test.deployment-invalid-requests-memory.yaml" name="deployment-invalid-requests-memory.yaml accepted as not expected" time="">
			<failure message="deployment-invalid-requests-memory.yaml accepted as not expected" type=""></failure>
		</testcase>
		<testcase classname="test.deployment-invalid-requests.yaml" name="deployment-invalid-requests.yaml accepted as not expected" time="">
			<failure message="deployment-invalid-requests.yaml accepted as not expected" type=""></failure>
		</testcase>
		<testcase classname="test.deployment-invalid-wrong-tag.yaml" name="deployment-invalid-wrong-tag.yaml accepted as not expected" time="">
			<failure message="deployment-invalid-wrong-tag.yaml accepted as not expected" type=""></failure>
		</testcase>
		<testcase classname="test.ingress-invalid-conflict.yaml" name="ingress-invalid-conflict.yaml accepted as not expected" time="">
			<failure message="ingress-invalid-conflict.yaml accepted as not expected" type=""></failure>
		</testcase>
		<testcase classname="test.ingress-invalid-not-whitelisted.yaml" name="ingress-invalid-not-whitelisted.yaml accepted as not expected" time="">
			<failure message="ingress-invalid-not-whitelisted.yaml accepted as not expected" type=""></failure>
		</testcase>
		<testcase classname="test.namespace-invalid-no-company-lables.yaml" name="namespace-invalid-no-company-lables.yaml accepted as not expected" time="">
			<failure message="namespace-invalid-no-company-lables.yaml accepted as not expected" type=""></failure>
		</testcase>
		<testcase classname="test.namespace-invalid-wrong-company.yaml" name="namespace-invalid-wrong-company.yaml accepted as not expected" time="">
			<failure message="namespace-invalid-wrong-company.yaml accepted as not expected" type=""></failure>
		</testcase>
		<testcase classname="test.namespace-invalid-wrong-service.yaml" name="namespace-invalid-wrong-service.yaml accepted as not expected" time="">
			<failure message="namespace-invalid-wrong-service.yaml accepted as not expected" type=""></failure>
		</testcase>
		<testcase classname="test.pod-invalid-no-tag.yaml" name="pod-invalid-no-tag.yaml accepted as not expected" time="">
			<failure message="pod-invalid-no-tag.yaml accepted as not expected" type=""></failure>
		</testcase>
		<testcase classname="test.pod-invalid-probes.yaml" name="pod-invalid-probes.yaml accepted as not expected" time="">
			<failure message="pod-invalid-probes.yaml accepted as not expected" type=""></failure>
		</testcase>
		<testcase classname="test.pod-invalid-registry.yaml" name="pod-invalid-registry.yaml accepted as not expected" time="">
			<failure message="pod-invalid-registry.yaml accepted as not expected" type=""></failure>
		</testcase>
		<testcase classname="test.pod-invalid-wrong-tag.yaml" name="pod-invalid-wrong-tag.yaml accepted as not expected" time="">
			<failure message="pod-invalid-wrong-tag.yaml accepted as not expected" type=""></failure>
		</testcase>
		<testcase classname="test.deployment-valid.yaml" name="deployment-valid.yaml accepted as expected" time=""></testcase>
		<testcase classname="test.ingress-whitelisted.yaml" name="ingress-whitelisted.yaml accepted as expected" time=""></testcase>
		<testcase classname="test.namespace-valid.yaml" name="namespace-valid.yaml accepted as expected" time=""></testcase>
		<testcase classname="test.pod-valid.yaml" name="pod-valid.yaml accepted as expected" time=""></testcase>
		<testcase classname="test.consul" name="set key e2e-test-70s7wo=q1yw1zge90" time=""></testcase>
		<testcase classname="test.consul" name="verified key e2e-test-70s7wo=q1yw1zge90" time=""></testcase>
		<testcase classname="test.consul" name="failed to backup consul" time="">
			<failure message="failed to backup consul" type=""></failure>
		</testcase>
		<testcase classname="test.velero" name="velero/velero-77565ddf45-gtrbs=Pending  " time="">
			<failure message="velero/velero-77565ddf45-gtrbs=Pending  " type=""></failure>
		</testcase>
		<testcase classname="test.velero" name="Backup backup-20200423-132533 created successfully in 16s" time=""></testcase>
		<testcase classname="test.postgres-operator" name="postgres-operator/postgres-harbor-0=Pending  " time="">
			<failure message="postgres-operator/postgres-harbor-0=Pending  " type=""></failure>
		</testcase>
		<testcase classname="test.postgres-operator" name="postgres-operator-74b9745bdc-8xg6v =&gt; Running" time=""></testcase>
		<testcase classname="test.postgres-operator-e2e" name="Cluster postgres-40d0d5 deployed" time=""></testcase>
		<testcase classname="test.postgres-operator-e2e" name="Cluster 40d0d5 deployed user" time=""></testcase>
		<testcase classname="test.postgres-operator-e2e" name="Cloned cluster postgres-40d0d5-clone successfully created" time=""></testcase>
	</testsuite>
</testsuites>